


     CRISSP2D ---    AOIclip                    

      * * * * * * * * * * * * * * * * * * * * * * * * * * * * * * * * * 

     System Sizes & Latitude :
           Total Number of Elements,             NEL = 7750
           Total Number of Nodes,               NNOD = 4388
           Number of Continuous Land Boundaries, NLB =    4
           Number of Continuous Open Boundaries, NOB =    2
           Orientation of W-E from X-axis,     ANGLE =  0.0
           Average latitude of the site,        ALAT = 43.0

      * * * * * * * * * * * * * * * * * * * * * * * * * * * * * * * * * 

     Number of Land Boundaries, NLB =    4

     Land Boundary 1        Number of Nodes, NMLBN =461
     Node Numbers:    1-  11-  18-  25-  32-  38-  42-  46-  50-  54-  58-  62-
                     66-  71-  77-  83-  89-  95- 101- 108- 109- 116- 117- 123-
                    129- 135- 141- 148- 158- 168- 179- 180- 189- 197- 203- 210-
                    218- 227- 238- 250- 266- 287- 304- 317- 314- 301- 302- 315-
                    327- 339- 350- 362- 374- 383- 392- 401- 410- 420- 429- 438-
                    447- 455- 462- 469- 476- 483- 491- 498- 505- 513- 521- 530-
                    539- 547- 556- 565- 574- 583- 592- 600- 608- 616- 624- 632-
                    640- 648- 656- 664- 672- 680- 688- 696- 704- 712- 720- 721-
                    730- 738- 746- 754- 762- 770- 778- 786- 794- 802- 809- 817-
                    825- 833- 841- 849- 857- 865- 873- 881- 889- 897- 905- 913-
                    921- 929- 937- 945- 953- 962- 971- 980- 989- 998-1008-1018-
                   1028-1038-1049-1061-1074-1087-1101-1117-1133-1150-1167-1182-
                   1196-1211-1226-1241-1242-1254-1266-1278-1290-1291-1302-1313-
                   1324-1335-1345-1355-1365-1377-1389-1401-1413-1426-1440-1454-
                   1467-1480-1493-1507-1522-1536-1550-1565-1566-1579-1593-1606-
                   1619-1632-1644-1657-1668-1679-1689-1699-1709-1719-1729-1739-
                   1747-1755-1763-1771-1779-1787-1795-1803-1811-1819-1827-1835-
                   1844-1855-1865-1875-1885-1895-1906-1917-1929-1941-1953-1966-
                   1978-1991-2004-2017-2030-2043-2056-2069-2082-2095-2108-2120-
                   2132-2144-2156-2167-2178-2189-2199-2200-2209-2217-2225-2233-
                   2241-2249-2257-2258-2266-2274-2282-2290-2298-2306-2314-2321-
                   2328-2335-2336-2342-2348-2354-2360-2366-2372-2378-2384-2390-
                   2396-2402-2408-2414-2420-2426-2432-2438-2444-2450-2456-2462-
                   2468-2474-2480-2486-2492-2498-2504-2510-2516-2522-2529-2536-
                   2543-2551-2559-2567-2575-2583-2591-2599-2607-2615-2623-2631-
                   2640-2649-2659-2670-2682-2691-2701-2711-2721-2731-2741-2751-
                   2762-2773-2783-2793-2803-2813-2823-2833-2844-2855-2866-2878-
                   2890-2903-2915-2927-2938-2950-2961-2972-2982-2992-3002-3012-
                   3022-3033-3044-3055-3066-3078-3090-3102-3114-3126-3138-3150-
                   3162-3174-3186-3198-3210-3222-3234-3246-3259-3272-3285-3299-
                   3313-3327-3342-3356-3371-3386-3401-3416-3432-3446-3459-3472-
                   3487-3501-3502-3516-3531-3547-3561-3574-3587-3599-3612-3624-
                   3636-3648-3660-3671-3682-3694-3706-3718-3731-3743-3755-3767-
                   3779-3791-3792-3803-3815-3826-3837-3847-3857-3868-3879-3890-
                   3901-3912-3923-3934-3945-3956-3968-3969-3981-3982-3993-3994-
                   4004-4014-4024-4034-4044-4055-4066-4078-4079-4080-4090-4100-
                   4110-4120-4131-4142-4143-4154-4166-4178-4190-4202-4214-4227-
                   4240-4253-4266-4280-4294-4295-4310-4311-4312-4325-4341-4358-
                   4374-4382-4386-4387-4388-

     Land Boundary 2        Number of Nodes, NMLBN =469
     Node Numbers: 4380-4381-4371-4372-4373-4357-4340-4324-4309-4293-4279-4265-
                   4252-4239-4226-4213-4201-4189-4177-4165-4153-4141-4129-4130-
                   4119-4109-4099-4089-4077-4065-4054-4043-4033-4023-4013-4003-
                   3992-3980-3967-3955-3944-3933-3922-3911-3900-3889-3877-3878-
                   3867-3856-3846-3835-3836-3825-3814-3802-3790-3778-3766-3754-
                   3742-3730-3717-3705-3693-3681-3670-3659-3647-3635-3623-3611-
                   3598-3586-3572-3573-3560-3545-3528-3513-3498-3484-3485-3471-
                   3458-3445-3431-3415-3400-3385-3370-3355-3341-3326-3312-3298-
                   3284-3271-3258-3245-3233-3221-3209-3197-3185-3173-3161-3149-
                   3137-3125-3113-3101-3089-3077-3065-3054-3043-3032-3021-3011-
                   3001-2991-2981-2971-2960-2949-2937-2926-2914-2902-2889-2877-
                   2865-2854-2843-2832-2822-2812-2802-2792-2782-2771-2772-2761-
                   2750-2740-2730-2720-2710-2700-2690-2679-2680-2668-2658-2648-
                   2639-2630-2622-2614-2606-2598-2590-2582-2574-2566-2558-2550-
                   2542-2535-2528-2521-2515-2509-2503-2497-2491-2485-2479-2473-
                   2467-2461-2455-2449-2443-2437-2431-2425-2419-2413-2407-2401-
                   2395-2389-2383-2377-2371-2365-2359-2353-2347-2341-2334-2327-
                   2320-2313-2305-2297-2289-2281-2273-2265-2256-2248-2240-2232-
                   2224-2216-2208-2198-2188-2177-2166-2155-2143-2131-2119-2107-
                   2094-2081-2068-2055-2042-2029-2016-2003-1990-1977-1965-1952-
                   1940-1928-1916-1905-1894-1884-1874-1864-1854-1843-1834-1826-
                   1818-1810-1802-1794-1786-1778-1770-1762-1754-1746-1738-1728-
                   1718-1708-1698-1688-1678-1667-1656-1643-1631-1618-1605-1592-
                   1578-1564-1549-1535-1520-1505-1491-1478-1465-1452-1438-1424-
                   1411-1399-1387-1375-1363-1354-1344-1334-1323-1312-1301-1289-
                   1277-1265-1253-1240-1225-1210-1195-1181-1166-1149-1132-1116-
                   1100-1086-1073-1060-1048-1037-1027-1017-1007- 997- 988- 979-
                    970- 961- 952- 944- 936- 928- 920- 912- 904- 896- 888- 880-
                    872- 864- 856- 848- 840- 832- 824- 816- 808- 800- 792- 784-
                    776- 768- 760- 752- 744- 736- 728- 719- 711- 703- 695- 687-
                    679- 671- 663- 655- 647- 639- 631- 623- 615- 607- 599- 591-
                    584- 576- 568- 560- 552- 544- 535- 536- 527- 518- 510- 502-
                    495- 488- 481- 474- 467- 460- 453- 444- 445- 436- 426- 427-
                    418- 409- 400- 391- 382- 371- 372- 373- 361- 349- 338- 326-
                    313- 296- 297- 276- 277- 278- 261- 279- 298- 299- 300- 282-
                    283- 284- 264- 248- 236- 226- 217- 209- 202- 194- 186- 187-
                    195- 196- 188- 176- 165- 155- 156- 166- 177- 178- 167- 157-
                    147- 140- 134- 128- 122- 115- 107- 100-  94-  88-  82-  76-
                     70-  65-  61-  57-  53-  49-  45-  41-  37-  31-  24-  17-
                      9-

     Land Boundary 3        Number of Nodes, NMLBN = 62
     Node Numbers: 1159-1160-1161-1162-1177-1192-1207-1222-1237-1250-1262-1274-
                   1286-1298-1309-1320-1331-1342-1353-1364-1376-1388-1400-1412-
                   1425-1439-1453-1466-1479-1492-1506-1521-1515-1500-1487-1474-
                   1461-1447-1433-1420-1407-1395-1383-1371-1360-1350-1340-1329-
                   1318-1307-1296-1284-1272-1260-1248-1235-1220-1205-1206-1191-
                   1176-1159-

     Land Boundary 4        Number of Nodes, NMLBN = 21
     Node Numbers: 3425-3426-3427-3428-3442-3456-3470-3486-3500-3515-3530-3543-
                   3526-3511-3496-3481-3467-3454-3440-3441-3425-

      * * * * * * * * * * * * * * * * * * * * * * * * * * * * * * * * * 

     Number of Open Boundaries: NOB =    2

     Open Boundary  1        Number of Nodes, NMOBN =  9
     Node Numbers:    9-   8-   7-   6-   5-   4-   3-   2-   1-

     Open Boundary  2        Number of Nodes, NMOBN = 12
     Node Numbers: 4388-4385-4378-4363-4364-4365-4348-4349-4366-4367-4379-4380-


      * * * * * * * * * * * * * * * * * * * * * * * * * * * * * * * * * 

     Number of Zero-Flux Boundary Nodes, N0BN =***
     N0N(I) =   11;  17;  18;  24;  25;  31;  32;  37;  38;  41;  42;  45;
                46;  49;  50;  53;  54;  57;  58;  61;  62;  65;  66;  70;
                71;  76;  77;  82;  83;  88;  89;  94;  95; 100; 101; 107;
               108; 109; 115; 116; 117; 122; 123; 128; 129; 134; 135; 140;
               141; 147; 148; 155; 156; 157; 158; 165; 166; 167; 168; 176;
               177; 178; 179; 180; 186; 187; 188; 189; 194; 195; 196; 197;
               202; 203; 209; 210; 217; 218; 226; 227; 236; 238; 248; 250;
               261; 264; 266; 276; 277; 278; 279; 282; 283; 284; 287; 296;
               297; 298; 299; 300; 301; 302; 304; 313; 314; 315; 317; 326;
               327; 338; 339; 349; 350; 361; 362; 371; 372; 373; 374; 382;
               383; 391; 392; 400; 401; 409; 410; 418; 420; 426; 427; 429;
               436; 438; 444; 445; 447; 453; 455; 460; 462; 467; 469; 474;
               476; 481; 483; 488; 491; 495; 498; 502; 505; 510; 513; 518;
               521; 527; 530; 535; 536; 539; 544; 547; 552; 556; 560; 565;
               568; 574; 576; 583; 584; 591; 592; 599; 600; 607; 608; 615;
               616; 623; 624; 631; 632; 639; 640; 647; 648; 655; 656; 663;
               664; 671; 672; 679; 680; 687; 688; 695; 696; 703; 704; 711;
               712; 719; 720; 721; 728; 730; 736; 738; 744; 746; 752; 754;
               760; 762; 768; 770; 776; 778; 784; 786; 792; 794; 800; 802;
               808; 809; 816; 817; 824; 825; 832; 833; 840; 841; 848; 849;
               856; 857; 864; 865; 872; 873; 880; 881; 888; 889; 896; 897;
               904; 905; 912; 913; 920; 921; 928; 929; 936; 937; 944; 945;
               952; 953; 961; 962; 970; 971; 979; 980; 988; 989; 997; 998;
              1007;1008;1017;1018;1027;1028;1037;1038;1048;1049;1060;1061;
              1073;1074;1086;1087;1100;1101;1116;1117;1132;1133;1149;1150;
              1159;1160;1161;1162;1166;1167;1176;1177;1181;1182;1191;1192;
              1195;1196;1205;1206;1207;1210;1211;1220;1222;1225;1226;1235;
              1237;1240;1241;1242;1248;1250;1253;1254;1260;1262;1265;1266;
              1272;1274;1277;1278;1284;1286;1289;1290;1291;1296;1298;1301;
              1302;1307;1309;1312;1313;1318;1320;1323;1324;1329;1331;1334;
              1335;1340;1342;1344;1345;1350;1353;1354;1355;1360;1363;1364;
              1365;1371;1375;1376;1377;1383;1387;1388;1389;1395;1399;1400;
              1401;1407;1411;1412;1413;1420;1424;1425;1426;1433;1438;1439;
              1440;1447;1452;1453;1454;1461;1465;1466;1467;1474;1478;1479;
              1480;1487;1491;1492;1493;1500;1505;1506;1507;1515;1520;1521;
              1522;1535;1536;1549;1550;1564;1565;1566;1578;1579;1592;1593;
              1605;1606;1618;1619;1631;1632;1643;1644;1656;1657;1667;1668;
              1678;1679;1688;1689;1698;1699;1708;1709;1718;1719;1728;1729;
              1738;1739;1746;1747;1754;1755;1762;1763;1770;1771;1778;1779;
              1786;1787;1794;1795;1802;1803;1810;1811;1818;1819;1826;1827;
              1834;1835;1843;1844;1854;1855;1864;1865;1874;1875;1884;1885;
              1894;1895;1905;1906;1916;1917;1928;1929;1940;1941;1952;1953;
              1965;1966;1977;1978;1990;1991;2003;2004;2016;2017;2029;2030;
              2042;2043;2055;2056;2068;2069;2081;2082;2094;2095;2107;2108;
              2119;2120;2131;2132;2143;2144;2155;2156;2166;2167;2177;2178;
              2188;2189;2198;2199;2200;2208;2209;2216;2217;2224;2225;2232;
              2233;2240;2241;2248;2249;2256;2257;2258;2265;2266;2273;2274;
              2281;2282;2289;2290;2297;2298;2305;2306;2313;2314;2320;2321;
              2327;2328;2334;2335;2336;2341;2342;2347;2348;2353;2354;2359;
              2360;2365;2366;2371;2372;2377;2378;2383;2384;2389;2390;2395;
              2396;2401;2402;2407;2408;2413;2414;2419;2420;2425;2426;2431;
              2432;2437;2438;2443;2444;2449;2450;2455;2456;2461;2462;2467;
              2468;2473;2474;2479;2480;2485;2486;2491;2492;2497;2498;2503;
              2504;2509;2510;2515;2516;2521;2522;2528;2529;2535;2536;2542;
              2543;2550;2551;2558;2559;2566;2567;2574;2575;2582;2583;2590;
              2591;2598;2599;2606;2607;2614;2615;2622;2623;2630;2631;2639;
              2640;2648;2649;2658;2659;2668;2670;2679;2680;2682;2690;2691;
              2700;2701;2710;2711;2720;2721;2730;2731;2740;2741;2750;2751;
              2761;2762;2771;2772;2773;2782;2783;2792;2793;2802;2803;2812;
              2813;2822;2823;2832;2833;2843;2844;2854;2855;2865;2866;2877;
              2878;2889;2890;2902;2903;2914;2915;2926;2927;2937;2938;2949;
              2950;2960;2961;2971;2972;2981;2982;2991;2992;3001;3002;3011;
              3012;3021;3022;3032;3033;3043;3044;3054;3055;3065;3066;3077;
              3078;3089;3090;3101;3102;3113;3114;3125;3126;3137;3138;3149;
              3150;3161;3162;3173;3174;3185;3186;3197;3198;3209;3210;3221;
              3222;3233;3234;3245;3246;3258;3259;3271;3272;3284;3285;3298;
              3299;3312;3313;3326;3327;3341;3342;3355;3356;3370;3371;3385;
              3386;3400;3401;3415;3416;3425;3426;3427;3428;3431;3432;3440;
              3441;3442;3445;3446;3454;3456;3458;3459;3467;3470;3471;3472;
              3481;3484;3485;3486;3487;3496;3498;3500;3501;3502;3511;3513;
              3515;3516;3526;3528;3530;3531;3543;3545;3547;3560;3561;3572;
              3573;3574;3586;3587;3598;3599;3611;3612;3623;3624;3635;3636;
              3647;3648;3659;3660;3670;3671;3681;3682;3693;3694;3705;3706;
              3717;3718;3730;3731;3742;3743;3754;3755;3766;3767;3778;3779;
              3790;3791;3792;3802;3803;3814;3815;3825;3826;3835;3836;3837;
              3846;3847;3856;3857;3867;3868;3877;3878;3879;3889;3890;3900;
              3901;3911;3912;3922;3923;3933;3934;3944;3945;3955;3956;3967;
              3968;3969;3980;3981;3982;3992;3993;3994;4003;4004;4013;4014;
              4023;4024;4033;4034;4043;4044;4054;4055;4065;4066;4077;4078;
              4079;4080;4089;4090;4099;4100;4109;4110;4119;4120;4129;4130;
              4131;4141;4142;4143;4153;4154;4165;4166;4177;4178;4189;4190;
              4201;4202;4213;4214;4226;4227;4239;4240;4252;4253;4265;4266;
              4279;4280;4293;4294;4295;4309;4310;4311;4312;4324;4325;4340;
              4341;4357;4358;4371;4372;4373;4374;4381;4382;4386;4387;

     Number of Flux-Specified Boundary Nodes, NQBN =  9
     NQN(I) =    1;   2;   3;   4;   5;   6;   7;   8;   9;

     Number of Elevation-Specified Boundary Nodes, NHBN = 12
     NHN(I) = 4348;4349;4363;4364;4365;4366;4367;4378;4379;4380;4385;4388;


     Number of No-Slip Boundary Nodes, NTBN = 14
     NTN(I) =    1;   2;   3;   4;   5;   6;   7;   8;   9; 317; 284; 195;
               196; 178;

     Number of No-Slip Elevation Nodes, NHTN =  0
     NET(I) = 

      * * * * * * * * * * * * * * * * * * * * * * * * * * * * * * * * * 

      Time-Integration Parameters:
           Initial condition =  hot start
           Start time of integration =      0.0 sec
           End time of integration   =      2.0 sec
           Time Step,                =      2.0 sec ( Optimum =   3.3 sec )
           Total timesteps =   3600

      * * * * * * * * * * * * * * * * * * * * * * * * * * * * * * * * * 

     Print Timing(hr): Total points of printing =   5

     Time =    0.00;    0.50;    1.00;    1.50;    2.00; 

      * * * * * * * * * * * * * * * * * * * * * * * * * * * * * * * * * 

     Dump Timing(hydrodyn.): Total points of dumping=    4

     Time =    0.50;    1.00;    1.50;    2.00; 

      * * * * * * * * * * * * * * * * * * * * * * * * * * * * * * * * * 

     Dump Timing(ice dyn.): Total points of dumping=    4

     Time =    0.50;    1.00;    1.50;    2.00; 

      * * * * * * * * * * * * * * * * * * * * * * * * * * * * * * * * * 

     Variable Elevation Boundary Nodes :

     Node No. : 4388;4385;4378;4363;4364;4365;4348;
                4349;4366;4367;4379;4380;

     Boundary Elevation Profile  :

     Time =     0.0;  Elev.=  0.00;  0.00;  0.00;  0.00;  0.00;  0.00;  0.00; 
                              0.00;  0.00;  0.00;  0.00;  0.00; 

     Time =     1.0;  Elev.=  0.00;  0.00;  0.00;  0.00;  0.00;  0.00;  0.00; 
                              0.00;  0.00;  0.00;  0.00;  0.00; 

     Time =     2.0;  Elev.=  0.00;  0.00;  0.00;  0.00;  0.00;  0.00;  0.00; 
                              0.00;  0.00;  0.00;  0.00;  0.00; 

     Time =    24.0;  Elev.=  0.00;  0.00;  0.00;  0.00;  0.00;  0.00;  0.00; 
                              0.00;  0.00;  0.00;  0.00;  0.00; 

     Time =    96.0;  Elev.=  0.00;  0.00;  0.00;  0.00;  0.00;  0.00;  0.00; 
                              0.00;  0.00;  0.00;  0.00;  0.00; 

      * * * * * * * * * * * * * * * * * * * * * * * * * * * * * * * * * 

     Number of Segments for Boundary Discharge Calculation =  2


     Segment  1:  Upstream Boundary            Number of Nodes =  9
     Node Numbers:    9-   8-   7-   6-   5-   4-   3-   2-   1-

     Segment  2:  Downstream Boundary          Number of Nodes = 12
     Node Numbers: 4388-4385-4378-4363-4364-4365-4348-4349-4366-4367-
                   4379-4380-

     Number of Segments for Boundary Elevation Confirmation =  2


     Segment  1:  Upstream Boundary            Number of Nodes =  9
     Node Numbers:    9-   8-   7-   6-   5-   4-   3-   2-   1-

     Segment  2:  Downstream Boundary          Number of Nodes = 12
     Node Numbers: 4388-4385-4378-4363-4364-4365-4348-4349-4366-4367-
                   4379-4380-

      Wind Profile : 

     Time =     0.0 sec,   W-mag. =   0.0 m/s,   W-dir =    0.0 deg.
     Time =     1.0 sec,   W-mag. =   0.0 m/s,   W-dir =    0.0 deg.
     Time =     2.0 sec,   W-mag. =   0.0 m/s,   W-dir =    0.0 deg.
     Time =     3.0 sec,   W-mag. =   0.0 m/s,   W-dir =    0.0 deg.
     Time =     4.0 sec,   W-mag. =   0.0 m/s,   W-dir =    0.0 deg.
     Time =     5.0 sec,   W-mag. =   0.0 m/s,   W-dir =    0.0 deg.
     Time =     6.0 sec,   W-mag. =   0.0 m/s,   W-dir =    0.0 deg.
     Time =     7.0 sec,   W-mag. =   0.0 m/s,   W-dir =    0.0 deg.
     Time =     8.0 sec,   W-mag. =   0.0 m/s,   W-dir =    0.0 deg.
     Time =     9.0 sec,   W-mag. =   0.0 m/s,   W-dir =    0.0 deg.
     Time =    10.0 sec,   W-mag. =   0.0 m/s,   W-dir =    0.0 deg.
     Time =    11.0 sec,   W-mag. =   0.0 m/s,   W-dir =    0.0 deg.
     Time =    12.0 sec,   W-mag. =   0.0 m/s,   W-dir =    0.0 deg.
     Time =    13.0 sec,   W-mag. =   0.0 m/s,   W-dir =    0.0 deg.
     Time =    14.0 sec,   W-mag. =   0.0 m/s,   W-dir =    0.0 deg.
     Time =    15.0 sec,   W-mag. =   0.0 m/s,   W-dir =    0.0 deg.
     Time =    16.0 sec,   W-mag. =   0.0 m/s,   W-dir =    0.0 deg.
     Time =    17.0 sec,   W-mag. =   0.0 m/s,   W-dir =    0.0 deg.
     Time =    18.0 sec,   W-mag. =   0.0 m/s,   W-dir =    0.0 deg.
     Time =    19.0 sec,   W-mag. =   0.0 m/s,   W-dir =    0.0 deg.
     Time =    20.0 sec,   W-mag. =   0.0 m/s,   W-dir =    0.0 deg.
     Time =    21.0 sec,   W-mag. =   0.0 m/s,   W-dir =    0.0 deg.
     Time =    22.0 sec,   W-mag. =   0.0 m/s,   W-dir =    0.0 deg.
     Time =    23.0 sec,   W-mag. =   0.0 m/s,   W-dir =    0.0 deg.
     Time =    24.0 sec,   W-mag. =   0.0 m/s,   W-dir =    0.0 deg.

      * * * * * * * * * * * * * * * * * * * * * * * * * * * * * * * * * 

      * * * * * * * * * * * * * * * * * * * * * * * * * * * * * * * * * 
 Number of booms:           1
 Total boom span numbers=           5

     Variable Flux Boundary Nodes :

     Node No. :    9;   8;   7;   6;   5;   4;   3;   2;   1;

     Boundary Flux Profile :

     Time =     0.0;  Flux =     0.0;     0.0;     0.0;     0.0;     0.0; 
                                 0.0;     0.0;     0.0;     0.0; 

     Time =    99.0;  Flux =     0.0;     0.0;     0.0;     0.0;     0.0; 
                                 0.0;     0.0;     0.0;     0.0; 

      * * * * * * * * * * * * * * * * * * * * * * * * * * * * * * * * * 

      * * * * * * * * * * * * * * * * * * * * * * * * * * * * * * * * * 
>> Round # 1--> Hydrodynamics  from Time=       0.0sec

   Wind-mag. =  0.0 m/s,          Wind-dir. =    0.0 deg.

   Discharge on boundary segments :
      Segment    Location         Discharge (mmm/s)
         1    Upstream Boundary    -4981.       2.189    
         2    Downstream Boundary   5000.       1.372    
     __________________________________________
       Total :                       18.7    

   Water surface elevation confirmed boundary :  Upstream Boundary  
          NODE(I)      El.(m)               NODE(I)      El.(m)
              9        177.70                   8        177.62
              7        177.65                   6        177.64
              5        177.67                   4        177.59
              3        177.65                   2        177.64
              1        177.73

   Water surface elevation confirmed boundary :  Downstream Boundary
          NODE(I)      El.(m)               NODE(I)      El.(m)
           4388        175.50                4385        175.50
           4378        175.50                4363        175.50
           4364        175.50                4365        175.50
           4348        175.50                4349        175.50
           4366        175.50                4367        175.50
           4379        175.50                4380        175.50

      * * * * * * * * * * * * * * * * * * * * * * * * * * * * * * * * * 
>> Round # 1--> Ice dynamics   from Time=       0.0sec
>> Round # 2--> Hydrodynamics  from Time=       0.3sec

   Wind-mag. =  0.0 m/s,          Wind-dir. =    0.0 deg.

   Discharge on boundary segments :
      Segment    Location         Discharge (mmm/s)
         1    Upstream Boundary    -4981.       2.188    
         2    Downstream Boundary   4967.       1.369    
     __________________________________________
       Total :                      -14.3    

   Water surface elevation confirmed boundary :  Upstream Boundary  
          NODE(I)      El.(m)               NODE(I)      El.(m)
              9        177.70                   8        177.62
              7        177.65                   6        177.64
              5        177.67                   4        177.59
              3        177.65                   2        177.64
              1        177.73

   Water surface elevation confirmed boundary :  Downstream Boundary
          NODE(I)      El.(m)               NODE(I)      El.(m)
           4388        175.50                4385        175.50
           4378        175.50                4363        175.50
           4364        175.50                4365        175.50
           4348        175.50                4349        175.50
           4366        175.50                4367        175.50
           4379        175.50                4380        175.50

      * * * * * * * * * * * * * * * * * * * * * * * * * * * * * * * * * 
Save data(Hydrodynamics  ) at Time =     0.5 Total issue=
>> Round # 2--> Ice dynamics   from Time=       0.3sec
Save data(Ice dynamics   ) at Time =     0.5 Total issue=   0
>> Round # 3--> Hydrodynamics  from Time=       0.5sec
>> Round # 3--> Ice dynamics   from Time=       0.5sec
>> Round # 4--> Hydrodynamics  from Time=       0.8sec

   Wind-mag. =  0.0 m/s,          Wind-dir. =    0.0 deg.

   Discharge on boundary segments :
      Segment    Location         Discharge (mmm/s)
         1    Upstream Boundary    -4981.       2.187    
         2    Downstream Boundary   4982.       1.373    
     __________________________________________
       Total :                       1.25    

   Water surface elevation confirmed boundary :  Upstream Boundary  
          NODE(I)      El.(m)               NODE(I)      El.(m)
              9        177.70                   8        177.62
              7        177.65                   6        177.64
              5        177.67                   4        177.59
              3        177.65                   2        177.64
              1        177.73

   Water surface elevation confirmed boundary :  Downstream Boundary
          NODE(I)      El.(m)               NODE(I)      El.(m)
           4388        175.50                4385        175.50
           4378        175.50                4363        175.50
           4364        175.50                4365        175.50
           4348        175.50                4349        175.50
           4366        175.50                4367        175.50
           4379        175.50                4380        175.50

      * * * * * * * * * * * * * * * * * * * * * * * * * * * * * * * * * 
Save data(Hydrodynamics  ) at Time =     1.0 Total issue=
>> Round # 4--> Ice dynamics   from Time=       0.8sec
Save data(Ice dynamics   ) at Time =     1.0 Total issue=   0
>> Round # 5--> Hydrodynamics  from Time=       1.0sec
>> Round # 5--> Ice dynamics   from Time=       1.0sec
>> Round # 6--> Hydrodynamics  from Time=       1.3sec

   Wind-mag. =  0.0 m/s,          Wind-dir. =    0.0 deg.

   Discharge on boundary segments :
      Segment    Location         Discharge (mmm/s)
         1    Upstream Boundary    -4981.       2.186    
         2    Downstream Boundary   4989.       1.373    
     __________________________________________
       Total :                       7.92    

   Water surface elevation confirmed boundary :  Upstream Boundary  
          NODE(I)      El.(m)               NODE(I)      El.(m)
              9        177.70                   8        177.62
              7        177.65                   6        177.64
              5        177.67                   4        177.59
              3        177.65                   2        177.64
              1        177.73

   Water surface elevation confirmed boundary :  Downstream Boundary
          NODE(I)      El.(m)               NODE(I)      El.(m)
           4388        175.50                4385        175.50
           4378        175.50                4363        175.50
           4364        175.50                4365        175.50
           4348        175.50                4349        175.50
           4366        175.50                4367        175.50
           4379        175.50                4380        175.50

      * * * * * * * * * * * * * * * * * * * * * * * * * * * * * * * * * 
Save data(Hydrodynamics  ) at Time =     1.5 Total issue=
>> Round # 6--> Ice dynamics   from Time=       1.3sec
Save data(Ice dynamics   ) at Time =     1.5 Total issue=   0
>> Round # 7--> Hydrodynamics  from Time=       1.5sec
>> Round # 7--> Ice dynamics   from Time=       1.5sec
>> Round # 8--> Hydrodynamics  from Time=       1.8sec

   Wind-mag. =  0.0 m/s,          Wind-dir. =    0.0 deg.

   Discharge on boundary segments :
      Segment    Location         Discharge (mmm/s)
         1    Upstream Boundary    -4981.       2.186    
         2    Downstream Boundary   4991.       1.374    
     __________________________________________
       Total :                       9.84    

   Water surface elevation confirmed boundary :  Upstream Boundary  
          NODE(I)      El.(m)               NODE(I)      El.(m)
              9        177.70                   8        177.62
              7        177.65                   6        177.64
              5        177.67                   4        177.59
              3        177.65                   2        177.64
              1        177.73

   Water surface elevation confirmed boundary :  Downstream Boundary
          NODE(I)      El.(m)               NODE(I)      El.(m)
           4388        175.50                4385        175.50
           4378        175.50                4363        175.50
           4364        175.50                4365        175.50
           4348        175.50                4349        175.50
           4366        175.50                4367        175.50
           4379        175.50                4380        175.50

      * * * * * * * * * * * * * * * * * * * * * * * * * * * * * * * * * 
Save data(Hydrodynamics  ) at Time =     2.0 Total issue=
>> Round # 8--> Ice dynamics   from Time=       1.8sec
Save data(Ice dynamics   ) at Time =     2.0 Total issue=   0
>> Round # 9--> Hydrodynamics  from Time=       2.0sec
Normal termination at Time =     2.0
 Calculation is complete!
